
----------------------------------------------------------------------
19114:CCREAT
A runtime error was detected at time 0.21491221 at the following block:

 *    1 6$              CREATE,1,SecondstoBaseTime(0.0),Entity 1:
                            SecondstoBaseTime(EXPO(2)):
                            NEXT(7$);

Maximum of 150 entities exceeded.
Possible causes:
- A logic problem in your model is creating too many entities or not
  disposing them. The run controller may be helpful in finding the problem.
- You are in demo mode and have exceeded the entity limit. The commercial
  version is required to run large models.
- You have set an entity limit on the DISCRETE element that is too small.
  Remove the limit or set it to a larger number.
- You have exceeded the standard array s 
pace for models. Use the Array Sizes
  page in the Run/Setup dialog to increase the RSET space allocated and
  recheck your model.
----------------------------------------------------------------------


SIMAN Run Controller.

0.21491221 Hours>
0.21491221 Hours>
                                      ARENA Simulation Results
                                              Developer

                                  Summary for Replication 1 of 1

Project: Unnamed Project                                             Run execution date :12/17/2020
Analyst: Developer                                                   Model revision date:12/17/2020

Replication ended at time      : 0.21491221 Hours 
Base Time Units: Hours

                                           TALLY VARIABLES

Identifier                                  Average   Half Width  Minimum    Maximum   Observations
___________________________________________________________________________________________________

Entity 1.VATime                              3.0437E-4 (Insuf)     2.3627E-7 .00175        208    
Entity 1.NVATime                            .00000     (Insuf)    .00000     .00000        208    
Entity 1.WaitTime                            1.7410E-4 (Insuf)    .00000     .00151        208    
Entity 1.TranTime                           .00000     (Insuf)    .00000     .00000        208    
Entity 1.OtherTime                          .00000     (Insuf)    .00000     .00000        208    
Entity 1.TotalTime                           4.7847E-4 (Insuf)     2.3627E-7 .00311        208    
Queue 1.WaitingTime                             --         --         --         --          0
Process 4.Queue.WaitingTime                     --         --         --         --          0
Process 2.Queue.WaitingTime                  9.4360E-7 (Insuf)    .00000      9.1529E-5     97    
Process 1.Queue.WaitingTime                  1.0362E-4  3.2505E-5 .00000     .00118        535    
Process 3.Queue.WaitingTime                  4.0323E-6 (Insuf)    .00000      2.7304E-4     82    

                                     DISCRETE-CHANGE VARIABLES

Identifier                                  Average   Half Width  Minimum    Maximum   Final Value
___________________________________________________________________________________________________

Entity 1.WIP                                73.463     (Insuf)    .00000     148.00     148.00    
Resource 4.NumberBusy                       .00000     (Insuf)    .00000     .00000     .00000    
Resource 4.NumberScheduled                  1.0000     (Insuf)    1.0000     1.0000     1.0000    
Resource 4.Utilization                      .00000     (Insuf)    .00000     .00000     .00000    
Resource 3.NumberBusy                       .04276     (Insuf)    .00000     1.0000     .00000    
Resource 3.NumberScheduled                  1.0000     (Insuf)    1.0000     1.0000     1.0000    
Resource 3.Utilization                      .04276     (Insuf)    .00000     1.0000     .00000    
Resource 2.NumberBusy                       .04055     (Insuf)    .00000     1.0000     .00000    
Resource 2.NumberScheduled                  1.0000     (Insuf)    1.0000     1.0000     1.0000    
Resource 2.Utilization                      .04055     (Insuf)    .00000     1.0000     .00000    
Resource 1.NumberBusy                       .40211     (Insuf)    .00000     1.0000     1.0000    
Resource 1.NumberScheduled                  1.0000     (Insuf)    1.0000     1.0000     1.0000    
Resource 1.Utilization                      .40211     (Insuf)    .00000     1.0000     1.0000    
Queue 1.NumberInQueue                       .00000     (Insuf)    .00000     .00000     .00000    
Process 4.Queue.NumberInQueue               72.717     (Insuf)    .00000     147.00     147.00    
Process 2.Queue.NumberInQueue                4.2589E-4 (Insuf)    .00000     1.0000     .00000    
Process 1.Queue.NumberInQueue               .25795     (Insuf)    .00000     5.0000     .00000    
Process 3.Queue.NumberInQueue               .00154     (Insuf)    .00000     1.0000     .00000    

                                             OUTPUTS

Identifier                                   Value
_____________________________________________________________

Entity 1.NumberIn                           356.00    
Entity 1.NumberOut                          208.00    
Resource 4.NumberSeized                     .00000    
Resource 4.ScheduledUtilization             .00000    
Resource 3.NumberSeized                     82.000    
Resource 3.ScheduledUtilization             .04276    
Resource 2.NumberSeized                     97.000    
Resource 2.ScheduledUtilization             .04055    
Resource 1.NumberSeized                     535.00    
Resource 1.ScheduledUtilization             .40211    
System.NumberOut                            208.00    


Simulation run time: 13.73 minutes.
Simulation run completed with 1 error(s) and 0 warning(s).
